# JRE version: Java(TM) SE Runtime Environment (8.0_121-b13) (build 1.8.0_121-b13)
# Java VM: Java HotSpot(TM) 64-Bit Server VM (25.121-b13 mixed mode windows-amd64 compressed oops)
Heap:
 PSYoungGen      total 90112K, used 12724K [0x00000000e0900000, 0x00000000e8180000, 0x0000000100000000)
  eden space 81408K, 12% used [0x00000000e0900000,0x00000000e12ea330,0x00000000e5880000)
  from space 8704K, 29% used [0x00000000e5880000,0x00000000e5b02f88,0x00000000e6100000)
  to   space 8704K, 0% used [0x00000000e7900000,0x00000000e7900000,0x00000000e8180000)
 ParOldGen       total 44032K, used 19773K [0x00000000a1a00000, 0x00000000a4500000, 0x00000000e0900000)
  object space 44032K, 44% used [0x00000000a1a00000,0x00000000a2d4f760,0x00000000a4500000)
 Metaspace       used 34237K, capacity 35856K, committed 36224K, reserved 1081344K
  class space    used 4577K, capacity 4909K, committed 4992K, reserved 1048576K
GC Heap History (10 events):
Event: 11.005 GC heap before
{Heap before GC invocations=11 (full 2):
 PSYoungGen      total 48640K, used 48279K [0x00000000e0900000, 0x00000000e6880000, 0x0000000100000000)
  eden space 44544K, 100% used [0x00000000e0900000,0x00000000e3480000,0x00000000e3480000)
  from space 4096K, 91% used [0x00000000e3d00000,0x00000000e40a5c30,0x00000000e4100000)
  to   space 8704K, 0% used [0x00000000e3480000,0x00000000e3480000,0x00000000e3d00000)
 ParOldGen       total 44032K, used 8408K [0x00000000a1a00000, 0x00000000a4500000, 0x00000000e0900000)
  object space 44032K, 19% used [0x00000000a1a00000,0x00000000a2236220,0x00000000a4500000)
 Metaspace       used 24521K, capacity 25326K, committed 25472K, reserved 1071104K
  class space    used 3208K, capacity 3436K, committed 3456K, reserved 1048576K
Event: 11.030 GC heap after
Heap after GC invocations=11 (full 2):
 PSYoungGen      total 53248K, used 2752K [0x00000000e0900000, 0x00000000e5700000, 0x0000000100000000)
  eden space 44544K, 0% used [0x00000000e0900000,0x00000000e0900000,0x00000000e3480000)
  from space 8704K, 31% used [0x00000000e3480000,0x00000000e3730318,0x00000000e3d00000)
  to   space 8704K, 0% used [0x00000000e4e80000,0x00000000e4e80000,0x00000000e5700000)
 ParOldGen       total 44032K, used 8416K [0x00000000a1a00000, 0x00000000a4500000, 0x00000000e0900000)
  object space 44032K, 19% used [0x00000000a1a00000,0x00000000a2238220,0x00000000a4500000)
 Metaspace       used 24521K, capacity 25326K, committed 25472K, reserved 1071104K
  class space    used 3208K, capacity 3436K, committed 3456K, reserved 1048576K
}
Event: 11.834 GC heap before
{Heap before GC invocations=12 (full 2):
 PSYoungGen      total 53248K, used 47296K [0x00000000e0900000, 0x00000000e5700000, 0x0000000100000000)
  eden space 44544K, 100% used [0x00000000e0900000,0x00000000e3480000,0x00000000e3480000)
  from space 8704K, 31% used [0x00000000e3480000,0x00000000e3730318,0x00000000e3d00000)
  to   space 8704K, 0% used [0x00000000e4e80000,0x00000000e4e80000,0x00000000e5700000)
 ParOldGen       total 44032K, used 8416K [0x00000000a1a00000, 0x00000000a4500000, 0x00000000e0900000)
  object space 44032K, 19% used [0x00000000a1a00000,0x00000000a2238220,0x00000000a4500000)
 Metaspace       used 26386K, capacity 27394K, committed 27648K, reserved 1073152K
  class space    used 3506K, capacity 3754K, committed 3840K, reserved 1048576K
Event: 11.847 GC heap after
Heap after GC invocations=12 (full 2):
 PSYoungGen      total 67072K, used 4392K [0x00000000e0900000, 0x00000000e5480000, 0x0000000100000000)
  eden space 60928K, 0% used [0x00000000e0900000,0x00000000e0900000,0x00000000e4480000)
  from space 6144K, 71% used [0x00000000e4e80000,0x00000000e52ca350,0x00000000e5480000)
  to   space 8192K, 0% used [0x00000000e4480000,0x00000000e4480000,0x00000000e4c80000)
 ParOldGen       total 44032K, used 9888K [0x00000000a1a00000, 0x00000000a4500000, 0x00000000e0900000)
  object space 44032K, 22% used [0x00000000a1a00000,0x00000000a23a8260,0x00000000a4500000)
 Metaspace       used 26386K, capacity 27394K, committed 27648K, reserved 1073152K
  class space    used 3506K, capacity 3754K, committed 3840K, reserved 1048576K
}
Event: 12.827 GC heap before
{Heap before GC invocations=13 (full 2):
 PSYoungGen      total 67072K, used 65320K [0x00000000e0900000, 0x00000000e5480000, 0x0000000100000000)
  eden space 60928K, 100% used [0x00000000e0900000,0x00000000e4480000,0x00000000e4480000)
  from space 6144K, 71% used [0x00000000e4e80000,0x00000000e52ca350,0x00000000e5480000)
  to   space 8192K, 0% used [0x00000000e4480000,0x00000000e4480000,0x00000000e4c80000)
 ParOldGen       total 44032K, used 9888K [0x00000000a1a00000, 0x00000000a4500000, 0x00000000e0900000)
  object space 44032K, 22% used [0x00000000a1a00000,0x00000000a23a8260,0x00000000a4500000)
 Metaspace       used 29047K, capacity 30216K, committed 30336K, reserved 1075200K
  class space    used 3894K, capacity 4173K, committed 4224K, reserved 1048576K
Event: 12.903 GC heap after
Heap after GC invocations=13 (full 2):
 PSYoungGen      total 69120K, used 4331K [0x00000000e0900000, 0x00000000e6980000, 0x0000000100000000)
  eden space 60928K, 0% used [0x00000000e0900000,0x00000000e0900000,0x00000000e4480000)
  from space 8192K, 52% used [0x00000000e4480000,0x00000000e48bad00,0x00000000e4c80000)
  to   space 8192K, 0% used [0x00000000e6180000,0x00000000e6180000,0x00000000e6980000)
 ParOldGen       total 44032K, used 12053K [0x00000000a1a00000, 0x00000000a4500000, 0x00000000e0900000)
  object space 44032K, 27% used [0x00000000a1a00000,0x00000000a25c55a8,0x00000000a4500000)
 Metaspace       used 29047K, capacity 30216K, committed 30336K, reserved 1075200K
  class space    used 3894K, capacity 4173K, committed 4224K, reserved 1048576K
}
Event: 13.790 GC heap before
{Heap before GC invocations=14 (full 2):
 PSYoungGen      total 69120K, used 65238K [0x00000000e0900000, 0x00000000e6980000, 0x0000000100000000)
  eden space 60928K, 99% used [0x00000000e0900000,0x00000000e447aef0,0x00000000e4480000)
  from space 8192K, 52% used [0x00000000e4480000,0x00000000e48bad00,0x00000000e4c80000)
  to   space 8192K, 0% used [0x00000000e6180000,0x00000000e6180000,0x00000000e6980000)
 ParOldGen       total 44032K, used 12053K [0x00000000a1a00000, 0x00000000a4500000, 0x00000000e0900000)
  object space 44032K, 27% used [0x00000000a1a00000,0x00000000a25c55a8,0x00000000a4500000)
 Metaspace       used 32681K, capacity 34254K, committed 34432K, reserved 1079296K
  class space    used 4387K, capacity 4724K, committed 4736K, reserved 1048576K
Event: 13.837 GC heap after
Heap after GC invocations=14 (full 2):
 PSYoungGen      total 89600K, used 7200K [0x00000000e0900000, 0x00000000e6980000, 0x0000000100000000)
  eden space 81408K, 0% used [0x00000000e0900000,0x00000000e0900000,0x00000000e5880000)
  from space 8192K, 87% used [0x00000000e6180000,0x00000000e6888028,0x00000000e6980000)
  to   space 8704K, 0% used [0x00000000e5880000,0x00000000e5880000,0x00000000e6100000)
 ParOldGen       total 44032K, used 14317K [0x00000000a1a00000, 0x00000000a4500000, 0x00000000e0900000)
  object space 44032K, 32% used [0x00000000a1a00000,0x00000000a27fb5b8,0x00000000a4500000)
 Metaspace       used 32681K, capacity 34254K, committed 34432K, reserved 1079296K
  class space    used 4387K, capacity 4724K, committed 4736K, reserved 1048576K
}
Event: 14.676 GC heap before
{Heap before GC invocations=15 (full 2):
 PSYoungGen      total 89600K, used 88608K [0x00000000e0900000, 0x00000000e6980000, 0x0000000100000000)
  eden space 81408K, 100% used [0x00000000e0900000,0x00000000e5880000,0x00000000e5880000)
  from space 8192K, 87% used [0x00000000e6180000,0x00000000e6888028,0x00000000e6980000)
  to   space 8704K, 0% used [0x00000000e5880000,0x00000000e5880000,0x00000000e6100000)
 ParOldGen       total 44032K, used 14317K [0x00000000a1a00000, 0x00000000a4500000, 0x00000000e0900000)
  object space 44032K, 32% used [0x00000000a1a00000,0x00000000a27fb5b8,0x00000000a4500000)
 Metaspace       used 33984K, capacity 35688K, committed 35968K, reserved 1081344K
  class space    used 4536K, capacity 4897K, committed 4992K, reserved 1048576K
Event: 14.688 GC heap after
Heap after GC invocations=15 (full 2):
 PSYoungGen      total 90112K, used 2571K [0x00000000e0900000, 0x00000000e8180000, 0x0000000100000000)
  eden space 81408K, 0% used [0x00000000e0900000,0x00000000e0900000,0x00000000e5880000)
  from space 8704K, 29% used [0x00000000e5880000,0x00000000e5b02f88,0x00000000e6100000)
  to   space 8704K, 0% used [0x00000000e7900000,0x00000000e7900000,0x00000000e8180000)
 ParOldGen       total 44032K, used 19773K [0x00000000a1a00000, 0x00000000a4500000, 0x00000000e0900000)
  object space 44032K, 44% used [0x00000000a1a00000,0x00000000a2d4f760,0x00000000a4500000)
 Metaspace       used 33984K, capacity 35688K, committed 35968K, reserved 1081344K
  class space    used 4536K, capacity 4897K, committed 4992K, reserved 1048576K
}

